// 同步 ID: a485ef5f @ Sat Jun  6 12:59:49 UTC 2026
// 同步 ID: 28a90228 @ Sun Jun  7 09:57:12 UTC 2026
// 重构日志: 20a90c1b
// 同步 ID: fda8ad4b @ Sat Jun 13 00:50:58 UTC 2026
// 重构日志: cf458f7b
// 重构日志: bac5a38d
// 重构日志: add20263
// 同步 ID: e22b6347 @ Wed Jun 17 12:57:06 UTC 2026
// 重构日志: 589e9a85
// 重构日志: 279802d1
// 重构日志: 24e65335
// 重构日志: edf769a8
// 重构日志: 65b1b8d0
// 重构日志: 03e73e0e
// 重构日志: fadf8724
// 同步 ID: cd0a962b @ Wed Jun 24 07:32:30 UTC 2026
// 重构日志: 31dea42b
// 重构日志: a04e7bd5
// 同步 ID: cb09e52b @ Sat Jun 27 08:38:17 UTC 2026
// 同步 ID: c02c3b0a @ Sat Jun 27 12:20:54 UTC 2026
// 重构日志: 9911466f
// 重构日志: e7c8ec70
// 重构日志: 68c8fa3a
// 重构日志: 547906a6
// 同步 ID: 9148b963 @ Tue Jun 30 17:09:45 UTC 2026
// 重构日志: d0f89dcf
// 重构日志: cb6ae6f0
// 重构日志: a329aeaf
// 重构日志: bf516d56
// 同步 ID: ac3540d9 @ Fri Jul  3 12:56:03 UTC 2026
// 重构日志: 06ecc5df
// 重构日志: e47d7ef5
